{
  "0 debug pnpm:scope": {
    "selected": 1,
    "workspacePrefix": "C:\\Jack\\Projects\\pnpm-nx"
  },
  "1 error pnpm": {
    "message": {
      "errno": 1,
      "code": "ELIFECYCLE",
      "pkgid": "sum-two@1.0.0-alpha.1",
      "stage": "test:unit",
      "script": "jest",
      "pkgname": "sum-two"
    },
    "err": {
      "name": "Error",
      "message": "sum-two@1.0.0-alpha.1 test:unit: `jest`\nExit status 1",
      "code": "ELIFECYCLE",
      "stack": "Error: sum-two@1.0.0-alpha.1 test:unit: `jest`\nExit status 1\n    at EventEmitter.<anonymous> (C:\\Users\\whuang\\AppData\\Roaming\\npm\\node_modules\\pnpm\\dist\\pnpm.js:102608:18)\n    at EventEmitter.emit (events.js:376:20)\n    at ChildProcess.<anonymous> (C:\\Users\\whuang\\AppData\\Roaming\\npm\\node_modules\\pnpm\\dist\\pnpm.js:87658:16)\n    at ChildProcess.emit (events.js:376:20)\n    at maybeClose (internal/child_process.js:1055:16)\n    at Process.ChildProcess._handle.onexit (internal/child_process.js:288:5)"
    }
  }
}